<?xml version="1.0" encoding="UTF-8"?>
<!-- Generated by org.testng.reporters.JUnitXMLReporter -->
<testsuite hostname="AnkushPC" failures="0" tests="3"
	name="WithPackage" time="105.195" errors="0"
	timestamp="22 Dec 2021 09:30:05 GMT">
	<testcase classname="com.hrms.testScript.TC001" name="tc001"
		time="21.624" />
	<testcase classname="com.hrms.testScript.TC002" name="tc002"
		time="39.191" />
	<testcase classname="com.hrms.testScript.TC003" name="tc003"
		time="44.323" />
</testsuite> <!-- WithPackage -->
