<?xml version="1.0" encoding="UTF-8"?>
<testng-results total="2" passed="2" failed="0" skipped="0">
  <reporter-output>
    <line>
      <![CDATA[Applicatopn Opened]]>
    </line>
    <line>
      <![CDATA[Applicatopn Opened]]>
    </line>
  </reporter-output>
  <suite started-at="2021-12-23T12:19:28Z" name="Suite1" finished-at="2021-12-23T12:20:43Z" duration-ms="74409">
    <groups>
    </groups>
    <test started-at="2021-12-23T12:19:28Z" name="WithNoPackage" finished-at="2021-12-23T12:20:43Z" duration-ms="74409">
      <class name="com.hrms.testScript.TC002">
        <test-method signature="tc002()[pri:0, instance:com.hrms.testScript.TC002@3e3047e6]" started-at="2021-12-23T17:49:58Z" name="tc002" finished-at="2021-12-23T17:50:43Z" duration-ms="44851" status="PASS">
          <reporter-output>
            <line>
              <![CDATA[Applicatopn Opened]]>
            </line>
          </reporter-output>
        </test-method> <!-- tc002 -->
      </class> <!-- com.hrms.testScript.TC002 -->
      <class name="com.hrms.testScript.TC001">
        <test-method signature="tc001()[pri:0, instance:com.hrms.testScript.TC001@475e586c]" started-at="2021-12-23T17:49:28Z" name="tc001" finished-at="2021-12-23T17:49:58Z" duration-ms="29513" status="PASS">
          <reporter-output>
            <line>
              <![CDATA[Applicatopn Opened]]>
            </line>
          </reporter-output>
        </test-method> <!-- tc001 -->
      </class> <!-- com.hrms.testScript.TC001 -->
    </test> <!-- WithNoPackage -->
  </suite> <!-- Suite1 -->
</testng-results>
